{"numFailedTestSuites":9,"numFailedTests":9,"numPassedTestSuites":2,"numPassedTests":9,"numPendingTestSuites":0,"numPendingTests":0,"numRuntimeErrorTestSuites":0,"numTodoTests":0,"numTotalTestSuites":11,"numTotalTests":18,"openHandles":[],"snapshot":{"added":0,"didUpdate":false,"failure":false,"filesAdded":0,"filesRemoved":0,"filesRemovedList":[],"filesUnmatched":0,"filesUpdated":0,"matched":0,"total":0,"unchecked":0,"uncheckedKeysByFile":[],"unmatched":0,"updated":0},"startTime":1776028195412,"success":false,"testResults":[{"assertionResults":[{"ancestorTitles":["UsuariosController"],"duration":23,"failing":false,"failureDetails":[{"type":"UsuariosController","context":{"index":0,"dependencies":[null]},"metadata":{"id":"3f11c5dd2c760044b59a5"},"moduleRef":{"id":"c8b082aa953f11c5dd2c7"}}],"failureMessages":["Error: Nest can't resolve dependencies of the UsuariosController (?). Please make sure that the argument UsuariosService at index [0] is available in the RootTestModule context.\n\nPotential solutions:\n- Is RootTestModule a valid NestJS module?\n- If UsuariosService is a provider, is it part of the current RootTestModule?\n- If UsuariosService is exported from a separate @Module, is that module imported within RootTestModule?\n  @Module({\n    imports: [ /* the Module containing UsuariosService */ ]\n  })\n\nFor more common dependency resolution issues, see: https://docs.nestjs.com/faq/common-errors\n    at TestingInjector.lookupComponentInParentModules (/home/bermudeztech/workspace/sportbodyapp/backend/node_modules/@nestjs/core/injector/injector.js:286:19)\n    at processTicksAndRejections (node:internal/process/task_queues:104:5)\n    at TestingInjector.resolveComponentWrapper (/home/bermudeztech/workspace/sportbodyapp/backend/node_modules/@nestjs/testing/testing-injector.js:19:45)\n    at resolveParam (/home/bermudeztech/workspace/sportbodyapp/backend/node_modules/@nestjs/core/injector/injector.js:140:38)\n    at async Promise.all (index 0)\n    at TestingInjector.resolveConstructorParams (/home/bermudeztech/workspace/sportbodyapp/backend/node_modules/@nestjs/core/injector/injector.js:169:27)\n    at TestingInjector.loadInstance (/home/bermudeztech/workspace/sportbodyapp/backend/node_modules/@nestjs/core/injector/injector.js:75:13)\n    at TestingInjector.loadController (/home/bermudeztech/workspace/sportbodyapp/backend/node_modules/@nestjs/core/injector/injector.js:94:9)\n    at /home/bermudeztech/workspace/sportbodyapp/backend/node_modules/@nestjs/core/injector/instance-loader.js:68:13\n    at async Promise.all (index 0)\n    at TestingInstanceLoader.createInstancesOfControllers (/home/bermudeztech/workspace/sportbodyapp/backend/node_modules/@nestjs/core/injector/instance-loader.js:67:9)\n    at /home/bermudeztech/workspace/sportbodyapp/backend/node_modules/@nestjs/core/injector/instance-loader.js:42:13\n    at async Promise.all (index 1)\n    at TestingInstanceLoader.createInstances (/home/bermudeztech/workspace/sportbodyapp/backend/node_modules/@nestjs/core/injector/instance-loader.js:39:9)\n    at TestingInstanceLoader.createInstancesOfDependencies (/home/bermudeztech/workspace/sportbodyapp/backend/node_modules/@nestjs/core/injector/instance-loader.js:22:13)\n    at TestingInstanceLoader.createInstancesOfDependencies (/home/bermudeztech/workspace/sportbodyapp/backend/node_modules/@nestjs/testing/testing-instance-loader.js:9:9)\n    at TestingModuleBuilder.createInstancesOfDependencies (/home/bermudeztech/workspace/sportbodyapp/backend/node_modules/@nestjs/testing/testing-module.builder.js:118:9)\n    at TestingModuleBuilder.compile (/home/bermudeztech/workspace/sportbodyapp/backend/node_modules/@nestjs/testing/testing-module.builder.js:74:9)\n    at Object.<anonymous> (/home/bermudeztech/workspace/sportbodyapp/backend/src/usuarios/usuarios.controller.spec.ts:8:35)"],"fullName":"UsuariosController should be defined","invocations":1,"location":null,"numPassingAsserts":0,"retryReasons":[],"startAt":1776028197873,"status":"failed","title":"should be defined"}],"endTime":1776028197941,"message":"\u001b[1m\u001b[31m  \u001b[1m● \u001b[22m\u001b[1mUsuariosController › should be defined\u001b[39m\u001b[22m\n\n    Nest can't resolve dependencies of the UsuariosController (?). Please make sure that the argument UsuariosService at index [0] is available in the RootTestModule context.\n\n    Potential solutions:\n    - Is RootTestModule a valid NestJS module?\n    - If UsuariosService is a provider, is it part of the current RootTestModule?\n    - If UsuariosService is exported from a separate @Module, is that module imported within RootTestModule?\n      @Module({\n        imports: [ /* the Module containing UsuariosService */ ]\n      })\n\n    For more common dependency resolution issues, see: https://docs.nestjs.com/faq/common-errors\n\u001b[2m\u001b[22m\n\u001b[2m    \u001b[0m \u001b[90m  6 |\u001b[39m\u001b[22m\n\u001b[2m     \u001b[90m  7 |\u001b[39m   beforeEach(\u001b[36masync\u001b[39m () \u001b[33m=>\u001b[39m {\u001b[22m\n\u001b[2m    \u001b[31m\u001b[1m>\u001b[22m\u001b[2m\u001b[39m\u001b[90m  8 |\u001b[39m     \u001b[36mconst\u001b[39m module\u001b[33m:\u001b[39m \u001b[33mTestingModule\u001b[39m \u001b[33m=\u001b[39m \u001b[36mawait\u001b[39m \u001b[33mTest\u001b[39m\u001b[33m.\u001b[39mcreateTestingModule({\u001b[22m\n\u001b[2m     \u001b[90m    |\u001b[39m                                   \u001b[31m\u001b[1m^\u001b[22m\u001b[2m\u001b[39m\u001b[22m\n\u001b[2m     \u001b[90m  9 |\u001b[39m       controllers\u001b[33m:\u001b[39m [\u001b[33mUsuariosController\u001b[39m]\u001b[33m,\u001b[39m\u001b[22m\n\u001b[2m     \u001b[90m 10 |\u001b[39m     })\u001b[33m.\u001b[39mcompile()\u001b[33m;\u001b[39m\u001b[22m\n\u001b[2m     \u001b[90m 11 |\u001b[39m\u001b[0m\u001b[22m\n\u001b[2m\u001b[22m\n\u001b[2m      \u001b[2mat TestingInjector.lookupComponentInParentModules (\u001b[22m\u001b[2m../node_modules/@nestjs/core/injector/injector.js\u001b[2m:286:19)\u001b[22m\u001b[2m\u001b[22m\n\u001b[2m      \u001b[2mat TestingInjector.resolveComponentWrapper (\u001b[22m\u001b[2m../node_modules/@nestjs/testing/testing-injector.js\u001b[2m:19:45)\u001b[22m\u001b[2m\u001b[22m\n\u001b[2m      \u001b[2mat resolveParam (\u001b[22m\u001b[2m../node_modules/@nestjs/core/injector/injector.js\u001b[2m:140:38)\u001b[22m\u001b[2m\u001b[22m\n\u001b[2m          at async Promise.all (index 0)\u001b[22m\n\u001b[2m      \u001b[2mat TestingInjector.resolveConstructorParams (\u001b[22m\u001b[2m../node_modules/@nestjs/core/injector/injector.js\u001b[2m:169:27)\u001b[22m\u001b[2m\u001b[22m\n\u001b[2m      \u001b[2mat TestingInjector.loadInstance (\u001b[22m\u001b[2m../node_modules/@nestjs/core/injector/injector.js\u001b[2m:75:13)\u001b[22m\u001b[2m\u001b[22m\n\u001b[2m      \u001b[2mat TestingInjector.loadController (\u001b[22m\u001b[2m../node_modules/@nestjs/core/injector/injector.js\u001b[2m:94:9)\u001b[22m\u001b[2m\u001b[22m\n\u001b[2m      \u001b[2mat \u001b[22m\u001b[2m../node_modules/@nestjs/core/injector/instance-loader.js\u001b[2m:68:13\u001b[22m\u001b[2m\u001b[22m\n\u001b[2m          at async Promise.all (index 0)\u001b[22m\n\u001b[2m      \u001b[2mat TestingInstanceLoader.createInstancesOfControllers (\u001b[22m\u001b[2m../node_modules/@nestjs/core/injector/instance-loader.js\u001b[2m:67:9)\u001b[22m\u001b[2m\u001b[22m\n\u001b[2m      \u001b[2mat \u001b[22m\u001b[2m../node_modules/@nestjs/core/injector/instance-loader.js\u001b[2m:42:13\u001b[22m\u001b[2m\u001b[22m\n\u001b[2m          at async Promise.all (index 1)\u001b[22m\n\u001b[2m      \u001b[2mat TestingInstanceLoader.createInstances (\u001b[22m\u001b[2m../node_modules/@nestjs/core/injector/instance-loader.js\u001b[2m:39:9)\u001b[22m\u001b[2m\u001b[22m\n\u001b[2m      \u001b[2mat TestingInstanceLoader.createInstancesOfDependencies (\u001b[22m\u001b[2m../node_modules/@nestjs/core/injector/instance-loader.js\u001b[2m:22:13)\u001b[22m\u001b[2m\u001b[22m\n\u001b[2m      \u001b[2mat TestingInstanceLoader.createInstancesOfDependencies (\u001b[22m\u001b[2m../node_modules/@nestjs/testing/testing-instance-loader.js\u001b[2m:9:9)\u001b[22m\u001b[2m\u001b[22m\n\u001b[2m      \u001b[2mat TestingModuleBuilder.createInstancesOfDependencies (\u001b[22m\u001b[2m../node_modules/@nestjs/testing/testing-module.builder.js\u001b[2m:118:9)\u001b[22m\u001b[2m\u001b[22m\n\u001b[2m      \u001b[2mat TestingModuleBuilder.compile (\u001b[22m\u001b[2m../node_modules/@nestjs/testing/testing-module.builder.js\u001b[2m:74:9)\u001b[22m\u001b[2m\u001b[22m\n\u001b[2m      \u001b[2mat Object.<anonymous> (\u001b[22m\u001b[2m\u001b[0m\u001b[36musuarios/usuarios.controller.spec.ts\u001b[39m\u001b[0m\u001b[2m:8:35)\u001b[22m\u001b[2m\u001b[22m\n","name":"/home/bermudeztech/workspace/sportbodyapp/backend/src/usuarios/usuarios.controller.spec.ts","startTime":1776028196405,"status":"failed","summary":""},{"assertionResults":[{"ancestorTitles":["AuthService"],"duration":22,"failing":false,"failureDetails":[{"type":"AuthService","context":{"index":0,"dependencies":[null]},"metadata":{"id":"79415c2c1d174dcd1547a"},"moduleRef":{"id":"ad953a1a2279415c2c1d1"}}],"failureMessages":["Error: Nest can't resolve dependencies of the AuthService (?). Please make sure that the argument PrismaService at index [0] is available in the RootTestModule context.\n\nPotential solutions:\n- Is RootTestModule a valid NestJS module?\n- If PrismaService is a provider, is it part of the current RootTestModule?\n- If PrismaService is exported from a separate @Module, is that module imported within RootTestModule?\n  @Module({\n    imports: [ /* the Module containing PrismaService */ ]\n  })\n\nFor more common dependency resolution issues, see: https://docs.nestjs.com/faq/common-errors\n    at TestingInjector.lookupComponentInParentModules (/home/bermudeztech/workspace/sportbodyapp/backend/node_modules/@nestjs/core/injector/injector.js:286:19)\n    at processTicksAndRejections (node:internal/process/task_queues:104:5)\n    at TestingInjector.resolveComponentWrapper (/home/bermudeztech/workspace/sportbodyapp/backend/node_modules/@nestjs/testing/testing-injector.js:19:45)\n    at resolveParam (/home/bermudeztech/workspace/sportbodyapp/backend/node_modules/@nestjs/core/injector/injector.js:140:38)\n    at async Promise.all (index 0)\n    at TestingInjector.resolveConstructorParams (/home/bermudeztech/workspace/sportbodyapp/backend/node_modules/@nestjs/core/injector/injector.js:169:27)\n    at TestingInjector.loadInstance (/home/bermudeztech/workspace/sportbodyapp/backend/node_modules/@nestjs/core/injector/injector.js:75:13)\n    at TestingInjector.loadProvider (/home/bermudeztech/workspace/sportbodyapp/backend/node_modules/@nestjs/core/injector/injector.js:103:9)\n    at /home/bermudeztech/workspace/sportbodyapp/backend/node_modules/@nestjs/core/injector/instance-loader.js:56:13\n    at async Promise.all (index 3)\n    at TestingInstanceLoader.createInstancesOfProviders (/home/bermudeztech/workspace/sportbodyapp/backend/node_modules/@nestjs/core/injector/instance-loader.js:55:9)\n    at /home/bermudeztech/workspace/sportbodyapp/backend/node_modules/@nestjs/core/injector/instance-loader.js:40:13\n    at async Promise.all (index 1)\n    at TestingInstanceLoader.createInstances (/home/bermudeztech/workspace/sportbodyapp/backend/node_modules/@nestjs/core/injector/instance-loader.js:39:9)\n    at TestingInstanceLoader.createInstancesOfDependencies (/home/bermudeztech/workspace/sportbodyapp/backend/node_modules/@nestjs/core/injector/instance-loader.js:22:13)\n    at TestingInstanceLoader.createInstancesOfDependencies (/home/bermudeztech/workspace/sportbodyapp/backend/node_modules/@nestjs/testing/testing-instance-loader.js:9:9)\n    at TestingModuleBuilder.createInstancesOfDependencies (/home/bermudeztech/workspace/sportbodyapp/backend/node_modules/@nestjs/testing/testing-module.builder.js:118:9)\n    at TestingModuleBuilder.compile (/home/bermudeztech/workspace/sportbodyapp/backend/node_modules/@nestjs/testing/testing-module.builder.js:74:9)\n    at Object.<anonymous> (/home/bermudeztech/workspace/sportbodyapp/backend/src/auth/auth.service.spec.ts:8:35)"],"fullName":"AuthService should be defined","invocations":1,"location":null,"numPassingAsserts":0,"retryReasons":[],"startAt":1776028197924,"status":"failed","title":"should be defined"}],"endTime":1776028197985,"message":"\u001b[1m\u001b[31m  \u001b[1m● \u001b[22m\u001b[1mAuthService › should be defined\u001b[39m\u001b[22m\n\n    Nest can't resolve dependencies of the AuthService (?). Please make sure that the argument PrismaService at index [0] is available in the RootTestModule context.\n\n    Potential solutions:\n    - Is RootTestModule a valid NestJS module?\n    - If PrismaService is a provider, is it part of the current RootTestModule?\n    - If PrismaService is exported from a separate @Module, is that module imported within RootTestModule?\n      @Module({\n        imports: [ /* the Module containing PrismaService */ ]\n      })\n\n    For more common dependency resolution issues, see: https://docs.nestjs.com/faq/common-errors\n\u001b[2m\u001b[22m\n\u001b[2m    \u001b[0m \u001b[90m  6 |\u001b[39m\u001b[22m\n\u001b[2m     \u001b[90m  7 |\u001b[39m   beforeEach(\u001b[36masync\u001b[39m () \u001b[33m=>\u001b[39m {\u001b[22m\n\u001b[2m    \u001b[31m\u001b[1m>\u001b[22m\u001b[2m\u001b[39m\u001b[90m  8 |\u001b[39m     \u001b[36mconst\u001b[39m module\u001b[33m:\u001b[39m \u001b[33mTestingModule\u001b[39m \u001b[33m=\u001b[39m \u001b[36mawait\u001b[39m \u001b[33mTest\u001b[39m\u001b[33m.\u001b[39mcreateTestingModule({\u001b[22m\n\u001b[2m     \u001b[90m    |\u001b[39m                                   \u001b[31m\u001b[1m^\u001b[22m\u001b[2m\u001b[39m\u001b[22m\n\u001b[2m     \u001b[90m  9 |\u001b[39m       providers\u001b[33m:\u001b[39m [\u001b[33mAuthService\u001b[39m]\u001b[33m,\u001b[39m\u001b[22m\n\u001b[2m     \u001b[90m 10 |\u001b[39m     })\u001b[33m.\u001b[39mcompile()\u001b[33m;\u001b[39m\u001b[22m\n\u001b[2m     \u001b[90m 11 |\u001b[39m\u001b[0m\u001b[22m\n\u001b[2m\u001b[22m\n\u001b[2m      \u001b[2mat TestingInjector.lookupComponentInParentModules (\u001b[22m\u001b[2m../node_modules/@nestjs/core/injector/injector.js\u001b[2m:286:19)\u001b[22m\u001b[2m\u001b[22m\n\u001b[2m      \u001b[2mat TestingInjector.resolveComponentWrapper (\u001b[22m\u001b[2m../node_modules/@nestjs/testing/testing-injector.js\u001b[2m:19:45)\u001b[22m\u001b[2m\u001b[22m\n\u001b[2m      \u001b[2mat resolveParam (\u001b[22m\u001b[2m../node_modules/@nestjs/core/injector/injector.js\u001b[2m:140:38)\u001b[22m\u001b[2m\u001b[22m\n\u001b[2m          at async Promise.all (index 0)\u001b[22m\n\u001b[2m      \u001b[2mat TestingInjector.resolveConstructorParams (\u001b[22m\u001b[2m../node_modules/@nestjs/core/injector/injector.js\u001b[2m:169:27)\u001b[22m\u001b[2m\u001b[22m\n\u001b[2m      \u001b[2mat TestingInjector.loadInstance (\u001b[22m\u001b[2m../node_modules/@nestjs/core/injector/injector.js\u001b[2m:75:13)\u001b[22m\u001b[2m\u001b[22m\n\u001b[2m      \u001b[2mat TestingInjector.loadProvider (\u001b[22m\u001b[2m../node_modules/@nestjs/core/injector/injector.js\u001b[2m:103:9)\u001b[22m\u001b[2m\u001b[22m\n\u001b[2m      \u001b[2mat \u001b[22m\u001b[2m../node_modules/@nestjs/core/injector/instance-loader.js\u001b[2m:56:13\u001b[22m\u001b[2m\u001b[22m\n\u001b[2m          at async Promise.all (index 3)\u001b[22m\n\u001b[2m      \u001b[2mat TestingInstanceLoader.createInstancesOfProviders (\u001b[22m\u001b[2m../node_modules/@nestjs/core/injector/instance-loader.js\u001b[2m:55:9)\u001b[22m\u001b[2m\u001b[22m\n\u001b[2m      \u001b[2mat \u001b[22m\u001b[2m../node_modules/@nestjs/core/injector/instance-loader.js\u001b[2m:40:13\u001b[22m\u001b[2m\u001b[22m\n\u001b[2m          at async Promise.all (index 1)\u001b[22m\n\u001b[2m      \u001b[2mat TestingInstanceLoader.createInstances (\u001b[22m\u001b[2m../node_modules/@nestjs/core/injector/instance-loader.js\u001b[2m:39:9)\u001b[22m\u001b[2m\u001b[22m\n\u001b[2m      \u001b[2mat TestingInstanceLoader.createInstancesOfDependencies (\u001b[22m\u001b[2m../node_modules/@nestjs/core/injector/instance-loader.js\u001b[2m:22:13)\u001b[22m\u001b[2m\u001b[22m\n\u001b[2m      \u001b[2mat TestingInstanceLoader.createInstancesOfDependencies (\u001b[22m\u001b[2m../node_modules/@nestjs/testing/testing-instance-loader.js\u001b[2m:9:9)\u001b[22m\u001b[2m\u001b[22m\n\u001b[2m      \u001b[2mat TestingModuleBuilder.createInstancesOfDependencies (\u001b[22m\u001b[2m../node_modules/@nestjs/testing/testing-module.builder.js\u001b[2m:118:9)\u001b[22m\u001b[2m\u001b[22m\n\u001b[2m      \u001b[2mat TestingModuleBuilder.compile (\u001b[22m\u001b[2m../node_modules/@nestjs/testing/testing-module.builder.js\u001b[2m:74:9)\u001b[22m\u001b[2m\u001b[22m\n\u001b[2m      \u001b[2mat Object.<anonymous> (\u001b[22m\u001b[2m\u001b[0m\u001b[36mauth/auth.service.spec.ts\u001b[39m\u001b[0m\u001b[2m:8:35)\u001b[22m\u001b[2m\u001b[22m\n","name":"/home/bermudeztech/workspace/sportbodyapp/backend/src/auth/auth.service.spec.ts","startTime":1776028196469,"status":"failed","summary":""},{"assertionResults":[{"ancestorTitles":["AuthController"],"duration":24,"failing":false,"failureDetails":[{"type":"AuthController","context":{"index":0,"dependencies":[null]},"metadata":{"id":"279f9b886cbc1f2280b6a"},"moduleRef":{"id":"0801d47d87279f9b886cb"}}],"failureMessages":["Error: Nest can't resolve dependencies of the AuthController (?). Please make sure that the argument AuthService at index [0] is available in the RootTestModule context.\n\nPotential solutions:\n- Is RootTestModule a valid NestJS module?\n- If AuthService is a provider, is it part of the current RootTestModule?\n- If AuthService is exported from a separate @Module, is that module imported within RootTestModule?\n  @Module({\n    imports: [ /* the Module containing AuthService */ ]\n  })\n\nFor more common dependency resolution issues, see: https://docs.nestjs.com/faq/common-errors\n    at TestingInjector.lookupComponentInParentModules (/home/bermudeztech/workspace/sportbodyapp/backend/node_modules/@nestjs/core/injector/injector.js:286:19)\n    at processTicksAndRejections (node:internal/process/task_queues:104:5)\n    at TestingInjector.resolveComponentWrapper (/home/bermudeztech/workspace/sportbodyapp/backend/node_modules/@nestjs/testing/testing-injector.js:19:45)\n    at resolveParam (/home/bermudeztech/workspace/sportbodyapp/backend/node_modules/@nestjs/core/injector/injector.js:140:38)\n    at async Promise.all (index 0)\n    at TestingInjector.resolveConstructorParams (/home/bermudeztech/workspace/sportbodyapp/backend/node_modules/@nestjs/core/injector/injector.js:169:27)\n    at TestingInjector.loadInstance (/home/bermudeztech/workspace/sportbodyapp/backend/node_modules/@nestjs/core/injector/injector.js:75:13)\n    at TestingInjector.loadController (/home/bermudeztech/workspace/sportbodyapp/backend/node_modules/@nestjs/core/injector/injector.js:94:9)\n    at /home/bermudeztech/workspace/sportbodyapp/backend/node_modules/@nestjs/core/injector/instance-loader.js:68:13\n    at async Promise.all (index 0)\n    at TestingInstanceLoader.createInstancesOfControllers (/home/bermudeztech/workspace/sportbodyapp/backend/node_modules/@nestjs/core/injector/instance-loader.js:67:9)\n    at /home/bermudeztech/workspace/sportbodyapp/backend/node_modules/@nestjs/core/injector/instance-loader.js:42:13\n    at async Promise.all (index 1)\n    at TestingInstanceLoader.createInstances (/home/bermudeztech/workspace/sportbodyapp/backend/node_modules/@nestjs/core/injector/instance-loader.js:39:9)\n    at TestingInstanceLoader.createInstancesOfDependencies (/home/bermudeztech/workspace/sportbodyapp/backend/node_modules/@nestjs/core/injector/instance-loader.js:22:13)\n    at TestingInstanceLoader.createInstancesOfDependencies (/home/bermudeztech/workspace/sportbodyapp/backend/node_modules/@nestjs/testing/testing-instance-loader.js:9:9)\n    at TestingModuleBuilder.createInstancesOfDependencies (/home/bermudeztech/workspace/sportbodyapp/backend/node_modules/@nestjs/testing/testing-module.builder.js:118:9)\n    at TestingModuleBuilder.compile (/home/bermudeztech/workspace/sportbodyapp/backend/node_modules/@nestjs/testing/testing-module.builder.js:74:9)\n    at Object.<anonymous> (/home/bermudeztech/workspace/sportbodyapp/backend/src/auth/auth.controller.spec.ts:8:35)"],"fullName":"AuthController should be defined","invocations":1,"location":null,"numPassingAsserts":0,"retryReasons":[],"startAt":1776028198480,"status":"failed","title":"should be defined"}],"endTime":1776028198576,"message":"\u001b[1m\u001b[31m  \u001b[1m● \u001b[22m\u001b[1mAuthController › should be defined\u001b[39m\u001b[22m\n\n    Nest can't resolve dependencies of the AuthController (?). Please make sure that the argument AuthService at index [0] is available in the RootTestModule context.\n\n    Potential solutions:\n    - Is RootTestModule a valid NestJS module?\n    - If AuthService is a provider, is it part of the current RootTestModule?\n    - If AuthService is exported from a separate @Module, is that module imported within RootTestModule?\n      @Module({\n        imports: [ /* the Module containing AuthService */ ]\n      })\n\n    For more common dependency resolution issues, see: https://docs.nestjs.com/faq/common-errors\n\u001b[2m\u001b[22m\n\u001b[2m    \u001b[0m \u001b[90m  6 |\u001b[39m\u001b[22m\n\u001b[2m     \u001b[90m  7 |\u001b[39m   beforeEach(\u001b[36masync\u001b[39m () \u001b[33m=>\u001b[39m {\u001b[22m\n\u001b[2m    \u001b[31m\u001b[1m>\u001b[22m\u001b[2m\u001b[39m\u001b[90m  8 |\u001b[39m     \u001b[36mconst\u001b[39m module\u001b[33m:\u001b[39m \u001b[33mTestingModule\u001b[39m \u001b[33m=\u001b[39m \u001b[36mawait\u001b[39m \u001b[33mTest\u001b[39m\u001b[33m.\u001b[39mcreateTestingModule({\u001b[22m\n\u001b[2m     \u001b[90m    |\u001b[39m                                   \u001b[31m\u001b[1m^\u001b[22m\u001b[2m\u001b[39m\u001b[22m\n\u001b[2m     \u001b[90m  9 |\u001b[39m       controllers\u001b[33m:\u001b[39m [\u001b[33mAuthController\u001b[39m]\u001b[33m,\u001b[39m\u001b[22m\n\u001b[2m     \u001b[90m 10 |\u001b[39m     })\u001b[33m.\u001b[39mcompile()\u001b[33m;\u001b[39m\u001b[22m\n\u001b[2m     \u001b[90m 11 |\u001b[39m\u001b[0m\u001b[22m\n\u001b[2m\u001b[22m\n\u001b[2m      \u001b[2mat TestingInjector.lookupComponentInParentModules (\u001b[22m\u001b[2m../node_modules/@nestjs/core/injector/injector.js\u001b[2m:286:19)\u001b[22m\u001b[2m\u001b[22m\n\u001b[2m      \u001b[2mat TestingInjector.resolveComponentWrapper (\u001b[22m\u001b[2m../node_modules/@nestjs/testing/testing-injector.js\u001b[2m:19:45)\u001b[22m\u001b[2m\u001b[22m\n\u001b[2m      \u001b[2mat resolveParam (\u001b[22m\u001b[2m../node_modules/@nestjs/core/injector/injector.js\u001b[2m:140:38)\u001b[22m\u001b[2m\u001b[22m\n\u001b[2m          at async Promise.all (index 0)\u001b[22m\n\u001b[2m      \u001b[2mat TestingInjector.resolveConstructorParams (\u001b[22m\u001b[2m../node_modules/@nestjs/core/injector/injector.js\u001b[2m:169:27)\u001b[22m\u001b[2m\u001b[22m\n\u001b[2m      \u001b[2mat TestingInjector.loadInstance (\u001b[22m\u001b[2m../node_modules/@nestjs/core/injector/injector.js\u001b[2m:75:13)\u001b[22m\u001b[2m\u001b[22m\n\u001b[2m      \u001b[2mat TestingInjector.loadController (\u001b[22m\u001b[2m../node_modules/@nestjs/core/injector/injector.js\u001b[2m:94:9)\u001b[22m\u001b[2m\u001b[22m\n\u001b[2m      \u001b[2mat \u001b[22m\u001b[2m../node_modules/@nestjs/core/injector/instance-loader.js\u001b[2m:68:13\u001b[22m\u001b[2m\u001b[22m\n\u001b[2m          at async Promise.all (index 0)\u001b[22m\n\u001b[2m      \u001b[2mat TestingInstanceLoader.createInstancesOfControllers (\u001b[22m\u001b[2m../node_modules/@nestjs/core/injector/instance-loader.js\u001b[2m:67:9)\u001b[22m\u001b[2m\u001b[22m\n\u001b[2m      \u001b[2mat \u001b[22m\u001b[2m../node_modules/@nestjs/core/injector/instance-loader.js\u001b[2m:42:13\u001b[22m\u001b[2m\u001b[22m\n\u001b[2m          at async Promise.all (index 1)\u001b[22m\n\u001b[2m      \u001b[2mat TestingInstanceLoader.createInstances (\u001b[22m\u001b[2m../node_modules/@nestjs/core/injector/instance-loader.js\u001b[2m:39:9)\u001b[22m\u001b[2m\u001b[22m\n\u001b[2m      \u001b[2mat TestingInstanceLoader.createInstancesOfDependencies (\u001b[22m\u001b[2m../node_modules/@nestjs/core/injector/instance-loader.js\u001b[2m:22:13)\u001b[22m\u001b[2m\u001b[22m\n\u001b[2m      \u001b[2mat TestingInstanceLoader.createInstancesOfDependencies (\u001b[22m\u001b[2m../node_modules/@nestjs/testing/testing-instance-loader.js\u001b[2m:9:9)\u001b[22m\u001b[2m\u001b[22m\n\u001b[2m      \u001b[2mat TestingModuleBuilder.createInstancesOfDependencies (\u001b[22m\u001b[2m../node_modules/@nestjs/testing/testing-module.builder.js\u001b[2m:118:9)\u001b[22m\u001b[2m\u001b[22m\n\u001b[2m      \u001b[2mat TestingModuleBuilder.compile (\u001b[22m\u001b[2m../node_modules/@nestjs/testing/testing-module.builder.js\u001b[2m:74:9)\u001b[22m\u001b[2m\u001b[22m\n\u001b[2m      \u001b[2mat Object.<anonymous> (\u001b[22m\u001b[2m\u001b[0m\u001b[36mauth/auth.controller.spec.ts\u001b[39m\u001b[0m\u001b[2m:8:35)\u001b[22m\u001b[2m\u001b[22m\n","name":"/home/bermudeztech/workspace/sportbodyapp/backend/src/auth/auth.controller.spec.ts","startTime":1776028196400,"status":"failed","summary":""},{"assertionResults":[{"ancestorTitles":["LockersController"],"duration":6,"failing":false,"failureDetails":[{"type":"LockersController","context":{"index":0,"dependencies":[null]},"metadata":{"id":"fd9c28fbb58a1ba25f618"},"moduleRef":{"id":"3778a60e81fd9c28fbb58"}}],"failureMessages":["Error: Nest can't resolve dependencies of the LockersController (?). Please make sure that the argument LockersService at index [0] is available in the RootTestModule context.\n\nPotential solutions:\n- Is RootTestModule a valid NestJS module?\n- If LockersService is a provider, is it part of the current RootTestModule?\n- If LockersService is exported from a separate @Module, is that module imported within RootTestModule?\n  @Module({\n    imports: [ /* the Module containing LockersService */ ]\n  })\n\nFor more common dependency resolution issues, see: https://docs.nestjs.com/faq/common-errors\n    at TestingInjector.lookupComponentInParentModules (/home/bermudeztech/workspace/sportbodyapp/backend/node_modules/@nestjs/core/injector/injector.js:286:19)\n    at processTicksAndRejections (node:internal/process/task_queues:104:5)\n    at TestingInjector.resolveComponentWrapper (/home/bermudeztech/workspace/sportbodyapp/backend/node_modules/@nestjs/testing/testing-injector.js:19:45)\n    at resolveParam (/home/bermudeztech/workspace/sportbodyapp/backend/node_modules/@nestjs/core/injector/injector.js:140:38)\n    at async Promise.all (index 0)\n    at TestingInjector.resolveConstructorParams (/home/bermudeztech/workspace/sportbodyapp/backend/node_modules/@nestjs/core/injector/injector.js:169:27)\n    at TestingInjector.loadInstance (/home/bermudeztech/workspace/sportbodyapp/backend/node_modules/@nestjs/core/injector/injector.js:75:13)\n    at TestingInjector.loadController (/home/bermudeztech/workspace/sportbodyapp/backend/node_modules/@nestjs/core/injector/injector.js:94:9)\n    at /home/bermudeztech/workspace/sportbodyapp/backend/node_modules/@nestjs/core/injector/instance-loader.js:68:13\n    at async Promise.all (index 0)\n    at TestingInstanceLoader.createInstancesOfControllers (/home/bermudeztech/workspace/sportbodyapp/backend/node_modules/@nestjs/core/injector/instance-loader.js:67:9)\n    at /home/bermudeztech/workspace/sportbodyapp/backend/node_modules/@nestjs/core/injector/instance-loader.js:42:13\n    at async Promise.all (index 1)\n    at TestingInstanceLoader.createInstances (/home/bermudeztech/workspace/sportbodyapp/backend/node_modules/@nestjs/core/injector/instance-loader.js:39:9)\n    at TestingInstanceLoader.createInstancesOfDependencies (/home/bermudeztech/workspace/sportbodyapp/backend/node_modules/@nestjs/core/injector/instance-loader.js:22:13)\n    at TestingInstanceLoader.createInstancesOfDependencies (/home/bermudeztech/workspace/sportbodyapp/backend/node_modules/@nestjs/testing/testing-instance-loader.js:9:9)\n    at TestingModuleBuilder.createInstancesOfDependencies (/home/bermudeztech/workspace/sportbodyapp/backend/node_modules/@nestjs/testing/testing-module.builder.js:118:9)\n    at TestingModuleBuilder.compile (/home/bermudeztech/workspace/sportbodyapp/backend/node_modules/@nestjs/testing/testing-module.builder.js:74:9)\n    at Object.<anonymous> (/home/bermudeztech/workspace/sportbodyapp/backend/src/lockers/lockers.controller.spec.ts:8:35)"],"fullName":"LockersController should be defined","invocations":1,"location":null,"numPassingAsserts":0,"retryReasons":[],"startAt":1776028198610,"status":"failed","title":"should be defined"}],"endTime":1776028198623,"message":"\u001b[1m\u001b[31m  \u001b[1m● \u001b[22m\u001b[1mLockersController › should be defined\u001b[39m\u001b[22m\n\n    Nest can't resolve dependencies of the LockersController (?). Please make sure that the argument LockersService at index [0] is available in the RootTestModule context.\n\n    Potential solutions:\n    - Is RootTestModule a valid NestJS module?\n    - If LockersService is a provider, is it part of the current RootTestModule?\n    - If LockersService is exported from a separate @Module, is that module imported within RootTestModule?\n      @Module({\n        imports: [ /* the Module containing LockersService */ ]\n      })\n\n    For more common dependency resolution issues, see: https://docs.nestjs.com/faq/common-errors\n\u001b[2m\u001b[22m\n\u001b[2m    \u001b[0m \u001b[90m  6 |\u001b[39m\u001b[22m\n\u001b[2m     \u001b[90m  7 |\u001b[39m   beforeEach(\u001b[36masync\u001b[39m () \u001b[33m=>\u001b[39m {\u001b[22m\n\u001b[2m    \u001b[31m\u001b[1m>\u001b[22m\u001b[2m\u001b[39m\u001b[90m  8 |\u001b[39m     \u001b[36mconst\u001b[39m module\u001b[33m:\u001b[39m \u001b[33mTestingModule\u001b[39m \u001b[33m=\u001b[39m \u001b[36mawait\u001b[39m \u001b[33mTest\u001b[39m\u001b[33m.\u001b[39mcreateTestingModule({\u001b[22m\n\u001b[2m     \u001b[90m    |\u001b[39m                                   \u001b[31m\u001b[1m^\u001b[22m\u001b[2m\u001b[39m\u001b[22m\n\u001b[2m     \u001b[90m  9 |\u001b[39m       controllers\u001b[33m:\u001b[39m [\u001b[33mLockersController\u001b[39m]\u001b[33m,\u001b[39m\u001b[22m\n\u001b[2m     \u001b[90m 10 |\u001b[39m     })\u001b[33m.\u001b[39mcompile()\u001b[33m;\u001b[39m\u001b[22m\n\u001b[2m     \u001b[90m 11 |\u001b[39m\u001b[0m\u001b[22m\n\u001b[2m\u001b[22m\n\u001b[2m      \u001b[2mat TestingInjector.lookupComponentInParentModules (\u001b[22m\u001b[2m../node_modules/@nestjs/core/injector/injector.js\u001b[2m:286:19)\u001b[22m\u001b[2m\u001b[22m\n\u001b[2m      \u001b[2mat TestingInjector.resolveComponentWrapper (\u001b[22m\u001b[2m../node_modules/@nestjs/testing/testing-injector.js\u001b[2m:19:45)\u001b[22m\u001b[2m\u001b[22m\n\u001b[2m      \u001b[2mat resolveParam (\u001b[22m\u001b[2m../node_modules/@nestjs/core/injector/injector.js\u001b[2m:140:38)\u001b[22m\u001b[2m\u001b[22m\n\u001b[2m          at async Promise.all (index 0)\u001b[22m\n\u001b[2m      \u001b[2mat TestingInjector.resolveConstructorParams (\u001b[22m\u001b[2m../node_modules/@nestjs/core/injector/injector.js\u001b[2m:169:27)\u001b[22m\u001b[2m\u001b[22m\n\u001b[2m      \u001b[2mat TestingInjector.loadInstance (\u001b[22m\u001b[2m../node_modules/@nestjs/core/injector/injector.js\u001b[2m:75:13)\u001b[22m\u001b[2m\u001b[22m\n\u001b[2m      \u001b[2mat TestingInjector.loadController (\u001b[22m\u001b[2m../node_modules/@nestjs/core/injector/injector.js\u001b[2m:94:9)\u001b[22m\u001b[2m\u001b[22m\n\u001b[2m      \u001b[2mat \u001b[22m\u001b[2m../node_modules/@nestjs/core/injector/instance-loader.js\u001b[2m:68:13\u001b[22m\u001b[2m\u001b[22m\n\u001b[2m          at async Promise.all (index 0)\u001b[22m\n\u001b[2m      \u001b[2mat TestingInstanceLoader.createInstancesOfControllers (\u001b[22m\u001b[2m../node_modules/@nestjs/core/injector/instance-loader.js\u001b[2m:67:9)\u001b[22m\u001b[2m\u001b[22m\n\u001b[2m      \u001b[2mat \u001b[22m\u001b[2m../node_modules/@nestjs/core/injector/instance-loader.js\u001b[2m:42:13\u001b[22m\u001b[2m\u001b[22m\n\u001b[2m          at async Promise.all (index 1)\u001b[22m\n\u001b[2m      \u001b[2mat TestingInstanceLoader.createInstances (\u001b[22m\u001b[2m../node_modules/@nestjs/core/injector/instance-loader.js\u001b[2m:39:9)\u001b[22m\u001b[2m\u001b[22m\n\u001b[2m      \u001b[2mat TestingInstanceLoader.createInstancesOfDependencies (\u001b[22m\u001b[2m../node_modules/@nestjs/core/injector/instance-loader.js\u001b[2m:22:13)\u001b[22m\u001b[2m\u001b[22m\n\u001b[2m      \u001b[2mat TestingInstanceLoader.createInstancesOfDependencies (\u001b[22m\u001b[2m../node_modules/@nestjs/testing/testing-instance-loader.js\u001b[2m:9:9)\u001b[22m\u001b[2m\u001b[22m\n\u001b[2m      \u001b[2mat TestingModuleBuilder.createInstancesOfDependencies (\u001b[22m\u001b[2m../node_modules/@nestjs/testing/testing-module.builder.js\u001b[2m:118:9)\u001b[22m\u001b[2m\u001b[22m\n\u001b[2m      \u001b[2mat TestingModuleBuilder.compile (\u001b[22m\u001b[2m../node_modules/@nestjs/testing/testing-module.builder.js\u001b[2m:74:9)\u001b[22m\u001b[2m\u001b[22m\n\u001b[2m      \u001b[2mat Object.<anonymous> (\u001b[22m\u001b[2m\u001b[0m\u001b[36mlockers/lockers.controller.spec.ts\u001b[39m\u001b[0m\u001b[2m:8:35)\u001b[22m\u001b[2m\u001b[22m\n","name":"/home/bermudeztech/workspace/sportbodyapp/backend/src/lockers/lockers.controller.spec.ts","startTime":1776028198030,"status":"failed","summary":""},{"assertionResults":[{"ancestorTitles":["AfiliadosController"],"duration":6,"failing":false,"failureDetails":[{"type":"AfiliadosController","context":{"index":0,"dependencies":[null]},"metadata":{"id":"356b536da30f8dc509486"},"moduleRef":{"id":"cee71aaccb356b536da30"}}],"failureMessages":["Error: Nest can't resolve dependencies of the AfiliadosController (?). Please make sure that the argument AfiliadosService at index [0] is available in the RootTestModule context.\n\nPotential solutions:\n- Is RootTestModule a valid NestJS module?\n- If AfiliadosService is a provider, is it part of the current RootTestModule?\n- If AfiliadosService is exported from a separate @Module, is that module imported within RootTestModule?\n  @Module({\n    imports: [ /* the Module containing AfiliadosService */ ]\n  })\n\nFor more common dependency resolution issues, see: https://docs.nestjs.com/faq/common-errors\n    at TestingInjector.lookupComponentInParentModules (/home/bermudeztech/workspace/sportbodyapp/backend/node_modules/@nestjs/core/injector/injector.js:286:19)\n    at processTicksAndRejections (node:internal/process/task_queues:104:5)\n    at TestingInjector.resolveComponentWrapper (/home/bermudeztech/workspace/sportbodyapp/backend/node_modules/@nestjs/testing/testing-injector.js:19:45)\n    at resolveParam (/home/bermudeztech/workspace/sportbodyapp/backend/node_modules/@nestjs/core/injector/injector.js:140:38)\n    at async Promise.all (index 0)\n    at TestingInjector.resolveConstructorParams (/home/bermudeztech/workspace/sportbodyapp/backend/node_modules/@nestjs/core/injector/injector.js:169:27)\n    at TestingInjector.loadInstance (/home/bermudeztech/workspace/sportbodyapp/backend/node_modules/@nestjs/core/injector/injector.js:75:13)\n    at TestingInjector.loadController (/home/bermudeztech/workspace/sportbodyapp/backend/node_modules/@nestjs/core/injector/injector.js:94:9)\n    at /home/bermudeztech/workspace/sportbodyapp/backend/node_modules/@nestjs/core/injector/instance-loader.js:68:13\n    at async Promise.all (index 0)\n    at TestingInstanceLoader.createInstancesOfControllers (/home/bermudeztech/workspace/sportbodyapp/backend/node_modules/@nestjs/core/injector/instance-loader.js:67:9)\n    at /home/bermudeztech/workspace/sportbodyapp/backend/node_modules/@nestjs/core/injector/instance-loader.js:42:13\n    at async Promise.all (index 1)\n    at TestingInstanceLoader.createInstances (/home/bermudeztech/workspace/sportbodyapp/backend/node_modules/@nestjs/core/injector/instance-loader.js:39:9)\n    at TestingInstanceLoader.createInstancesOfDependencies (/home/bermudeztech/workspace/sportbodyapp/backend/node_modules/@nestjs/core/injector/instance-loader.js:22:13)\n    at TestingInstanceLoader.createInstancesOfDependencies (/home/bermudeztech/workspace/sportbodyapp/backend/node_modules/@nestjs/testing/testing-instance-loader.js:9:9)\n    at TestingModuleBuilder.createInstancesOfDependencies (/home/bermudeztech/workspace/sportbodyapp/backend/node_modules/@nestjs/testing/testing-module.builder.js:118:9)\n    at TestingModuleBuilder.compile (/home/bermudeztech/workspace/sportbodyapp/backend/node_modules/@nestjs/testing/testing-module.builder.js:74:9)\n    at Object.<anonymous> (/home/bermudeztech/workspace/sportbodyapp/backend/src/afiliados/afiliados.controller.spec.ts:8:35)"],"fullName":"AfiliadosController should be defined","invocations":1,"location":null,"numPassingAsserts":0,"retryReasons":[],"startAt":1776028198610,"status":"failed","title":"should be defined"}],"endTime":1776028198624,"message":"\u001b[1m\u001b[31m  \u001b[1m● \u001b[22m\u001b[1mAfiliadosController › should be defined\u001b[39m\u001b[22m\n\n    Nest can't resolve dependencies of the AfiliadosController (?). Please make sure that the argument AfiliadosService at index [0] is available in the RootTestModule context.\n\n    Potential solutions:\n    - Is RootTestModule a valid NestJS module?\n    - If AfiliadosService is a provider, is it part of the current RootTestModule?\n    - If AfiliadosService is exported from a separate @Module, is that module imported within RootTestModule?\n      @Module({\n        imports: [ /* the Module containing AfiliadosService */ ]\n      })\n\n    For more common dependency resolution issues, see: https://docs.nestjs.com/faq/common-errors\n\u001b[2m\u001b[22m\n\u001b[2m    \u001b[0m \u001b[90m  6 |\u001b[39m\u001b[22m\n\u001b[2m     \u001b[90m  7 |\u001b[39m   beforeEach(\u001b[36masync\u001b[39m () \u001b[33m=>\u001b[39m {\u001b[22m\n\u001b[2m    \u001b[31m\u001b[1m>\u001b[22m\u001b[2m\u001b[39m\u001b[90m  8 |\u001b[39m     \u001b[36mconst\u001b[39m module\u001b[33m:\u001b[39m \u001b[33mTestingModule\u001b[39m \u001b[33m=\u001b[39m \u001b[36mawait\u001b[39m \u001b[33mTest\u001b[39m\u001b[33m.\u001b[39mcreateTestingModule({\u001b[22m\n\u001b[2m     \u001b[90m    |\u001b[39m                                   \u001b[31m\u001b[1m^\u001b[22m\u001b[2m\u001b[39m\u001b[22m\n\u001b[2m     \u001b[90m  9 |\u001b[39m       controllers\u001b[33m:\u001b[39m [\u001b[33mAfiliadosController\u001b[39m]\u001b[33m,\u001b[39m\u001b[22m\n\u001b[2m     \u001b[90m 10 |\u001b[39m     })\u001b[33m.\u001b[39mcompile()\u001b[33m;\u001b[39m\u001b[22m\n\u001b[2m     \u001b[90m 11 |\u001b[39m\u001b[0m\u001b[22m\n\u001b[2m\u001b[22m\n\u001b[2m      \u001b[2mat TestingInjector.lookupComponentInParentModules (\u001b[22m\u001b[2m../node_modules/@nestjs/core/injector/injector.js\u001b[2m:286:19)\u001b[22m\u001b[2m\u001b[22m\n\u001b[2m      \u001b[2mat TestingInjector.resolveComponentWrapper (\u001b[22m\u001b[2m../node_modules/@nestjs/testing/testing-injector.js\u001b[2m:19:45)\u001b[22m\u001b[2m\u001b[22m\n\u001b[2m      \u001b[2mat resolveParam (\u001b[22m\u001b[2m../node_modules/@nestjs/core/injector/injector.js\u001b[2m:140:38)\u001b[22m\u001b[2m\u001b[22m\n\u001b[2m          at async Promise.all (index 0)\u001b[22m\n\u001b[2m      \u001b[2mat TestingInjector.resolveConstructorParams (\u001b[22m\u001b[2m../node_modules/@nestjs/core/injector/injector.js\u001b[2m:169:27)\u001b[22m\u001b[2m\u001b[22m\n\u001b[2m      \u001b[2mat TestingInjector.loadInstance (\u001b[22m\u001b[2m../node_modules/@nestjs/core/injector/injector.js\u001b[2m:75:13)\u001b[22m\u001b[2m\u001b[22m\n\u001b[2m      \u001b[2mat TestingInjector.loadController (\u001b[22m\u001b[2m../node_modules/@nestjs/core/injector/injector.js\u001b[2m:94:9)\u001b[22m\u001b[2m\u001b[22m\n\u001b[2m      \u001b[2mat \u001b[22m\u001b[2m../node_modules/@nestjs/core/injector/instance-loader.js\u001b[2m:68:13\u001b[22m\u001b[2m\u001b[22m\n\u001b[2m          at async Promise.all (index 0)\u001b[22m\n\u001b[2m      \u001b[2mat TestingInstanceLoader.createInstancesOfControllers (\u001b[22m\u001b[2m../node_modules/@nestjs/core/injector/instance-loader.js\u001b[2m:67:9)\u001b[22m\u001b[2m\u001b[22m\n\u001b[2m      \u001b[2mat \u001b[22m\u001b[2m../node_modules/@nestjs/core/injector/instance-loader.js\u001b[2m:42:13\u001b[22m\u001b[2m\u001b[22m\n\u001b[2m          at async Promise.all (index 1)\u001b[22m\n\u001b[2m      \u001b[2mat TestingInstanceLoader.createInstances (\u001b[22m\u001b[2m../node_modules/@nestjs/core/injector/instance-loader.js\u001b[2m:39:9)\u001b[22m\u001b[2m\u001b[22m\n\u001b[2m      \u001b[2mat TestingInstanceLoader.createInstancesOfDependencies (\u001b[22m\u001b[2m../node_modules/@nestjs/core/injector/instance-loader.js\u001b[2m:22:13)\u001b[22m\u001b[2m\u001b[22m\n\u001b[2m      \u001b[2mat TestingInstanceLoader.createInstancesOfDependencies (\u001b[22m\u001b[2m../node_modules/@nestjs/testing/testing-instance-loader.js\u001b[2m:9:9)\u001b[22m\u001b[2m\u001b[22m\n\u001b[2m      \u001b[2mat TestingModuleBuilder.createInstancesOfDependencies (\u001b[22m\u001b[2m../node_modules/@nestjs/testing/testing-module.builder.js\u001b[2m:118:9)\u001b[22m\u001b[2m\u001b[22m\n\u001b[2m      \u001b[2mat TestingModuleBuilder.compile (\u001b[22m\u001b[2m../node_modules/@nestjs/testing/testing-module.builder.js\u001b[2m:74:9)\u001b[22m\u001b[2m\u001b[22m\n\u001b[2m      \u001b[2mat Object.<anonymous> (\u001b[22m\u001b[2m\u001b[0m\u001b[36mafiliados/afiliados.controller.spec.ts\u001b[39m\u001b[0m\u001b[2m:8:35)\u001b[22m\u001b[2m\u001b[22m\n","name":"/home/bermudeztech/workspace/sportbodyapp/backend/src/afiliados/afiliados.controller.spec.ts","startTime":1776028197990,"status":"failed","summary":""},{"assertionResults":[{"ancestorTitles":["LockersService"],"duration":7,"failing":false,"failureDetails":[{"type":"LockersService","context":{"index":0,"dependencies":[null]},"metadata":{"id":"c47b90a20d4fc16a3c100"},"moduleRef":{"id":"aad356ac1fc47b90a20d4"}}],"failureMessages":["Error: Nest can't resolve dependencies of the LockersService (?). Please make sure that the argument PrismaService at index [0] is available in the RootTestModule context.\n\nPotential solutions:\n- Is RootTestModule a valid NestJS module?\n- If PrismaService is a provider, is it part of the current RootTestModule?\n- If PrismaService is exported from a separate @Module, is that module imported within RootTestModule?\n  @Module({\n    imports: [ /* the Module containing PrismaService */ ]\n  })\n\nFor more common dependency resolution issues, see: https://docs.nestjs.com/faq/common-errors\n    at TestingInjector.lookupComponentInParentModules (/home/bermudeztech/workspace/sportbodyapp/backend/node_modules/@nestjs/core/injector/injector.js:286:19)\n    at processTicksAndRejections (node:internal/process/task_queues:104:5)\n    at TestingInjector.resolveComponentWrapper (/home/bermudeztech/workspace/sportbodyapp/backend/node_modules/@nestjs/testing/testing-injector.js:19:45)\n    at resolveParam (/home/bermudeztech/workspace/sportbodyapp/backend/node_modules/@nestjs/core/injector/injector.js:140:38)\n    at async Promise.all (index 0)\n    at TestingInjector.resolveConstructorParams (/home/bermudeztech/workspace/sportbodyapp/backend/node_modules/@nestjs/core/injector/injector.js:169:27)\n    at TestingInjector.loadInstance (/home/bermudeztech/workspace/sportbodyapp/backend/node_modules/@nestjs/core/injector/injector.js:75:13)\n    at TestingInjector.loadProvider (/home/bermudeztech/workspace/sportbodyapp/backend/node_modules/@nestjs/core/injector/injector.js:103:9)\n    at /home/bermudeztech/workspace/sportbodyapp/backend/node_modules/@nestjs/core/injector/instance-loader.js:56:13\n    at async Promise.all (index 3)\n    at TestingInstanceLoader.createInstancesOfProviders (/home/bermudeztech/workspace/sportbodyapp/backend/node_modules/@nestjs/core/injector/instance-loader.js:55:9)\n    at /home/bermudeztech/workspace/sportbodyapp/backend/node_modules/@nestjs/core/injector/instance-loader.js:40:13\n    at async Promise.all (index 1)\n    at TestingInstanceLoader.createInstances (/home/bermudeztech/workspace/sportbodyapp/backend/node_modules/@nestjs/core/injector/instance-loader.js:39:9)\n    at TestingInstanceLoader.createInstancesOfDependencies (/home/bermudeztech/workspace/sportbodyapp/backend/node_modules/@nestjs/core/injector/instance-loader.js:22:13)\n    at TestingInstanceLoader.createInstancesOfDependencies (/home/bermudeztech/workspace/sportbodyapp/backend/node_modules/@nestjs/testing/testing-instance-loader.js:9:9)\n    at TestingModuleBuilder.createInstancesOfDependencies (/home/bermudeztech/workspace/sportbodyapp/backend/node_modules/@nestjs/testing/testing-module.builder.js:118:9)\n    at TestingModuleBuilder.compile (/home/bermudeztech/workspace/sportbodyapp/backend/node_modules/@nestjs/testing/testing-module.builder.js:74:9)\n    at Object.<anonymous> (/home/bermudeztech/workspace/sportbodyapp/backend/src/lockers/lockers.service.spec.ts:8:35)"],"fullName":"LockersService should be defined","invocations":1,"location":null,"numPassingAsserts":0,"retryReasons":[],"startAt":1776028199035,"status":"failed","title":"should be defined"}],"endTime":1776028199047,"message":"\u001b[1m\u001b[31m  \u001b[1m● \u001b[22m\u001b[1mLockersService › should be defined\u001b[39m\u001b[22m\n\n    Nest can't resolve dependencies of the LockersService (?). Please make sure that the argument PrismaService at index [0] is available in the RootTestModule context.\n\n    Potential solutions:\n    - Is RootTestModule a valid NestJS module?\n    - If PrismaService is a provider, is it part of the current RootTestModule?\n    - If PrismaService is exported from a separate @Module, is that module imported within RootTestModule?\n      @Module({\n        imports: [ /* the Module containing PrismaService */ ]\n      })\n\n    For more common dependency resolution issues, see: https://docs.nestjs.com/faq/common-errors\n\u001b[2m\u001b[22m\n\u001b[2m    \u001b[0m \u001b[90m  6 |\u001b[39m\u001b[22m\n\u001b[2m     \u001b[90m  7 |\u001b[39m   beforeEach(\u001b[36masync\u001b[39m () \u001b[33m=>\u001b[39m {\u001b[22m\n\u001b[2m    \u001b[31m\u001b[1m>\u001b[22m\u001b[2m\u001b[39m\u001b[90m  8 |\u001b[39m     \u001b[36mconst\u001b[39m module\u001b[33m:\u001b[39m \u001b[33mTestingModule\u001b[39m \u001b[33m=\u001b[39m \u001b[36mawait\u001b[39m \u001b[33mTest\u001b[39m\u001b[33m.\u001b[39mcreateTestingModule({\u001b[22m\n\u001b[2m     \u001b[90m    |\u001b[39m                                   \u001b[31m\u001b[1m^\u001b[22m\u001b[2m\u001b[39m\u001b[22m\n\u001b[2m     \u001b[90m  9 |\u001b[39m       providers\u001b[33m:\u001b[39m [\u001b[33mLockersService\u001b[39m]\u001b[33m,\u001b[39m\u001b[22m\n\u001b[2m     \u001b[90m 10 |\u001b[39m     })\u001b[33m.\u001b[39mcompile()\u001b[33m;\u001b[39m\u001b[22m\n\u001b[2m     \u001b[90m 11 |\u001b[39m\u001b[0m\u001b[22m\n\u001b[2m\u001b[22m\n\u001b[2m      \u001b[2mat TestingInjector.lookupComponentInParentModules (\u001b[22m\u001b[2m../node_modules/@nestjs/core/injector/injector.js\u001b[2m:286:19)\u001b[22m\u001b[2m\u001b[22m\n\u001b[2m      \u001b[2mat TestingInjector.resolveComponentWrapper (\u001b[22m\u001b[2m../node_modules/@nestjs/testing/testing-injector.js\u001b[2m:19:45)\u001b[22m\u001b[2m\u001b[22m\n\u001b[2m      \u001b[2mat resolveParam (\u001b[22m\u001b[2m../node_modules/@nestjs/core/injector/injector.js\u001b[2m:140:38)\u001b[22m\u001b[2m\u001b[22m\n\u001b[2m          at async Promise.all (index 0)\u001b[22m\n\u001b[2m      \u001b[2mat TestingInjector.resolveConstructorParams (\u001b[22m\u001b[2m../node_modules/@nestjs/core/injector/injector.js\u001b[2m:169:27)\u001b[22m\u001b[2m\u001b[22m\n\u001b[2m      \u001b[2mat TestingInjector.loadInstance (\u001b[22m\u001b[2m../node_modules/@nestjs/core/injector/injector.js\u001b[2m:75:13)\u001b[22m\u001b[2m\u001b[22m\n\u001b[2m      \u001b[2mat TestingInjector.loadProvider (\u001b[22m\u001b[2m../node_modules/@nestjs/core/injector/injector.js\u001b[2m:103:9)\u001b[22m\u001b[2m\u001b[22m\n\u001b[2m      \u001b[2mat \u001b[22m\u001b[2m../node_modules/@nestjs/core/injector/instance-loader.js\u001b[2m:56:13\u001b[22m\u001b[2m\u001b[22m\n\u001b[2m          at async Promise.all (index 3)\u001b[22m\n\u001b[2m      \u001b[2mat TestingInstanceLoader.createInstancesOfProviders (\u001b[22m\u001b[2m../node_modules/@nestjs/core/injector/instance-loader.js\u001b[2m:55:9)\u001b[22m\u001b[2m\u001b[22m\n\u001b[2m      \u001b[2mat \u001b[22m\u001b[2m../node_modules/@nestjs/core/injector/instance-loader.js\u001b[2m:40:13\u001b[22m\u001b[2m\u001b[22m\n\u001b[2m          at async Promise.all (index 1)\u001b[22m\n\u001b[2m      \u001b[2mat TestingInstanceLoader.createInstances (\u001b[22m\u001b[2m../node_modules/@nestjs/core/injector/instance-loader.js\u001b[2m:39:9)\u001b[22m\u001b[2m\u001b[22m\n\u001b[2m      \u001b[2mat TestingInstanceLoader.createInstancesOfDependencies (\u001b[22m\u001b[2m../node_modules/@nestjs/core/injector/instance-loader.js\u001b[2m:22:13)\u001b[22m\u001b[2m\u001b[22m\n\u001b[2m      \u001b[2mat TestingInstanceLoader.createInstancesOfDependencies (\u001b[22m\u001b[2m../node_modules/@nestjs/testing/testing-instance-loader.js\u001b[2m:9:9)\u001b[22m\u001b[2m\u001b[22m\n\u001b[2m      \u001b[2mat TestingModuleBuilder.createInstancesOfDependencies (\u001b[22m\u001b[2m../node_modules/@nestjs/testing/testing-module.builder.js\u001b[2m:118:9)\u001b[22m\u001b[2m\u001b[22m\n\u001b[2m      \u001b[2mat TestingModuleBuilder.compile (\u001b[22m\u001b[2m../node_modules/@nestjs/testing/testing-module.builder.js\u001b[2m:74:9)\u001b[22m\u001b[2m\u001b[22m\n\u001b[2m      \u001b[2mat Object.<anonymous> (\u001b[22m\u001b[2m\u001b[0m\u001b[36mlockers/lockers.service.spec.ts\u001b[39m\u001b[0m\u001b[2m:8:35)\u001b[22m\u001b[2m\u001b[22m\n","name":"/home/bermudeztech/workspace/sportbodyapp/backend/src/lockers/lockers.service.spec.ts","startTime":1776028198705,"status":"failed","summary":""},{"assertionResults":[{"ancestorTitles":["QrCodeService"],"duration":5,"failing":false,"failureDetails":[{"type":"QrCodeService","context":{"index":0,"dependencies":[null]},"metadata":{"id":"820011a85ad01c448bec7"},"moduleRef":{"id":"444ebb635f820011a85ad"}}],"failureMessages":["Error: Nest can't resolve dependencies of the QrCodeService (?). Please make sure that the argument PrismaService at index [0] is available in the RootTestModule context.\n\nPotential solutions:\n- Is RootTestModule a valid NestJS module?\n- If PrismaService is a provider, is it part of the current RootTestModule?\n- If PrismaService is exported from a separate @Module, is that module imported within RootTestModule?\n  @Module({\n    imports: [ /* the Module containing PrismaService */ ]\n  })\n\nFor more common dependency resolution issues, see: https://docs.nestjs.com/faq/common-errors\n    at TestingInjector.lookupComponentInParentModules (/home/bermudeztech/workspace/sportbodyapp/backend/node_modules/@nestjs/core/injector/injector.js:286:19)\n    at processTicksAndRejections (node:internal/process/task_queues:104:5)\n    at TestingInjector.resolveComponentWrapper (/home/bermudeztech/workspace/sportbodyapp/backend/node_modules/@nestjs/testing/testing-injector.js:19:45)\n    at resolveParam (/home/bermudeztech/workspace/sportbodyapp/backend/node_modules/@nestjs/core/injector/injector.js:140:38)\n    at async Promise.all (index 0)\n    at TestingInjector.resolveConstructorParams (/home/bermudeztech/workspace/sportbodyapp/backend/node_modules/@nestjs/core/injector/injector.js:169:27)\n    at TestingInjector.loadInstance (/home/bermudeztech/workspace/sportbodyapp/backend/node_modules/@nestjs/core/injector/injector.js:75:13)\n    at TestingInjector.loadProvider (/home/bermudeztech/workspace/sportbodyapp/backend/node_modules/@nestjs/core/injector/injector.js:103:9)\n    at /home/bermudeztech/workspace/sportbodyapp/backend/node_modules/@nestjs/core/injector/instance-loader.js:56:13\n    at async Promise.all (index 3)\n    at TestingInstanceLoader.createInstancesOfProviders (/home/bermudeztech/workspace/sportbodyapp/backend/node_modules/@nestjs/core/injector/instance-loader.js:55:9)\n    at /home/bermudeztech/workspace/sportbodyapp/backend/node_modules/@nestjs/core/injector/instance-loader.js:40:13\n    at async Promise.all (index 1)\n    at TestingInstanceLoader.createInstances (/home/bermudeztech/workspace/sportbodyapp/backend/node_modules/@nestjs/core/injector/instance-loader.js:39:9)\n    at TestingInstanceLoader.createInstancesOfDependencies (/home/bermudeztech/workspace/sportbodyapp/backend/node_modules/@nestjs/core/injector/instance-loader.js:22:13)\n    at TestingInstanceLoader.createInstancesOfDependencies (/home/bermudeztech/workspace/sportbodyapp/backend/node_modules/@nestjs/testing/testing-instance-loader.js:9:9)\n    at TestingModuleBuilder.createInstancesOfDependencies (/home/bermudeztech/workspace/sportbodyapp/backend/node_modules/@nestjs/testing/testing-module.builder.js:118:9)\n    at TestingModuleBuilder.compile (/home/bermudeztech/workspace/sportbodyapp/backend/node_modules/@nestjs/testing/testing-module.builder.js:74:9)\n    at Object.<anonymous> (/home/bermudeztech/workspace/sportbodyapp/backend/src/qr-code/qr-code.service.spec.ts:8:35)"],"fullName":"QrCodeService should be defined","invocations":1,"location":null,"numPassingAsserts":0,"retryReasons":[],"startAt":1776028199066,"status":"failed","title":"should be defined"}],"endTime":1776028199077,"message":"\u001b[1m\u001b[31m  \u001b[1m● \u001b[22m\u001b[1mQrCodeService › should be defined\u001b[39m\u001b[22m\n\n    Nest can't resolve dependencies of the QrCodeService (?). Please make sure that the argument PrismaService at index [0] is available in the RootTestModule context.\n\n    Potential solutions:\n    - Is RootTestModule a valid NestJS module?\n    - If PrismaService is a provider, is it part of the current RootTestModule?\n    - If PrismaService is exported from a separate @Module, is that module imported within RootTestModule?\n      @Module({\n        imports: [ /* the Module containing PrismaService */ ]\n      })\n\n    For more common dependency resolution issues, see: https://docs.nestjs.com/faq/common-errors\n\u001b[2m\u001b[22m\n\u001b[2m    \u001b[0m \u001b[90m  6 |\u001b[39m\u001b[22m\n\u001b[2m     \u001b[90m  7 |\u001b[39m   beforeEach(\u001b[36masync\u001b[39m () \u001b[33m=>\u001b[39m {\u001b[22m\n\u001b[2m    \u001b[31m\u001b[1m>\u001b[22m\u001b[2m\u001b[39m\u001b[90m  8 |\u001b[39m     \u001b[36mconst\u001b[39m module\u001b[33m:\u001b[39m \u001b[33mTestingModule\u001b[39m \u001b[33m=\u001b[39m \u001b[36mawait\u001b[39m \u001b[33mTest\u001b[39m\u001b[33m.\u001b[39mcreateTestingModule({\u001b[22m\n\u001b[2m     \u001b[90m    |\u001b[39m                                   \u001b[31m\u001b[1m^\u001b[22m\u001b[2m\u001b[39m\u001b[22m\n\u001b[2m     \u001b[90m  9 |\u001b[39m       providers\u001b[33m:\u001b[39m [\u001b[33mQrCodeService\u001b[39m]\u001b[33m,\u001b[39m\u001b[22m\n\u001b[2m     \u001b[90m 10 |\u001b[39m     })\u001b[33m.\u001b[39mcompile()\u001b[33m;\u001b[39m\u001b[22m\n\u001b[2m     \u001b[90m 11 |\u001b[39m\u001b[0m\u001b[22m\n\u001b[2m\u001b[22m\n\u001b[2m      \u001b[2mat TestingInjector.lookupComponentInParentModules (\u001b[22m\u001b[2m../node_modules/@nestjs/core/injector/injector.js\u001b[2m:286:19)\u001b[22m\u001b[2m\u001b[22m\n\u001b[2m      \u001b[2mat TestingInjector.resolveComponentWrapper (\u001b[22m\u001b[2m../node_modules/@nestjs/testing/testing-injector.js\u001b[2m:19:45)\u001b[22m\u001b[2m\u001b[22m\n\u001b[2m      \u001b[2mat resolveParam (\u001b[22m\u001b[2m../node_modules/@nestjs/core/injector/injector.js\u001b[2m:140:38)\u001b[22m\u001b[2m\u001b[22m\n\u001b[2m          at async Promise.all (index 0)\u001b[22m\n\u001b[2m      \u001b[2mat TestingInjector.resolveConstructorParams (\u001b[22m\u001b[2m../node_modules/@nestjs/core/injector/injector.js\u001b[2m:169:27)\u001b[22m\u001b[2m\u001b[22m\n\u001b[2m      \u001b[2mat TestingInjector.loadInstance (\u001b[22m\u001b[2m../node_modules/@nestjs/core/injector/injector.js\u001b[2m:75:13)\u001b[22m\u001b[2m\u001b[22m\n\u001b[2m      \u001b[2mat TestingInjector.loadProvider (\u001b[22m\u001b[2m../node_modules/@nestjs/core/injector/injector.js\u001b[2m:103:9)\u001b[22m\u001b[2m\u001b[22m\n\u001b[2m      \u001b[2mat \u001b[22m\u001b[2m../node_modules/@nestjs/core/injector/instance-loader.js\u001b[2m:56:13\u001b[22m\u001b[2m\u001b[22m\n\u001b[2m          at async Promise.all (index 3)\u001b[22m\n\u001b[2m      \u001b[2mat TestingInstanceLoader.createInstancesOfProviders (\u001b[22m\u001b[2m../node_modules/@nestjs/core/injector/instance-loader.js\u001b[2m:55:9)\u001b[22m\u001b[2m\u001b[22m\n\u001b[2m      \u001b[2mat \u001b[22m\u001b[2m../node_modules/@nestjs/core/injector/instance-loader.js\u001b[2m:40:13\u001b[22m\u001b[2m\u001b[22m\n\u001b[2m          at async Promise.all (index 1)\u001b[22m\n\u001b[2m      \u001b[2mat TestingInstanceLoader.createInstances (\u001b[22m\u001b[2m../node_modules/@nestjs/core/injector/instance-loader.js\u001b[2m:39:9)\u001b[22m\u001b[2m\u001b[22m\n\u001b[2m      \u001b[2mat TestingInstanceLoader.createInstancesOfDependencies (\u001b[22m\u001b[2m../node_modules/@nestjs/core/injector/instance-loader.js\u001b[2m:22:13)\u001b[22m\u001b[2m\u001b[22m\n\u001b[2m      \u001b[2mat TestingInstanceLoader.createInstancesOfDependencies (\u001b[22m\u001b[2m../node_modules/@nestjs/testing/testing-instance-loader.js\u001b[2m:9:9)\u001b[22m\u001b[2m\u001b[22m\n\u001b[2m      \u001b[2mat TestingModuleBuilder.createInstancesOfDependencies (\u001b[22m\u001b[2m../node_modules/@nestjs/testing/testing-module.builder.js\u001b[2m:118:9)\u001b[22m\u001b[2m\u001b[22m\n\u001b[2m      \u001b[2mat TestingModuleBuilder.compile (\u001b[22m\u001b[2m../node_modules/@nestjs/testing/testing-module.builder.js\u001b[2m:74:9)\u001b[22m\u001b[2m\u001b[22m\n\u001b[2m      \u001b[2mat Object.<anonymous> (\u001b[22m\u001b[2m\u001b[0m\u001b[36mqr-code/qr-code.service.spec.ts\u001b[39m\u001b[0m\u001b[2m:8:35)\u001b[22m\u001b[2m\u001b[22m\n","name":"/home/bermudeztech/workspace/sportbodyapp/backend/src/qr-code/qr-code.service.spec.ts","startTime":1776028198602,"status":"failed","summary":""},{"assertionResults":[{"ancestorTitles":["QrCodeController"],"duration":6,"failing":false,"failureDetails":[{"type":"QrCodeController","context":{"index":0,"dependencies":[null]},"metadata":{"id":"037a4de3256a50b43ccce"},"moduleRef":{"id":"298337d487037a4de3256"}}],"failureMessages":["Error: Nest can't resolve dependencies of the QrCodeController (?). Please make sure that the argument QrCodeService at index [0] is available in the RootTestModule context.\n\nPotential solutions:\n- Is RootTestModule a valid NestJS module?\n- If QrCodeService is a provider, is it part of the current RootTestModule?\n- If QrCodeService is exported from a separate @Module, is that module imported within RootTestModule?\n  @Module({\n    imports: [ /* the Module containing QrCodeService */ ]\n  })\n\nFor more common dependency resolution issues, see: https://docs.nestjs.com/faq/common-errors\n    at TestingInjector.lookupComponentInParentModules (/home/bermudeztech/workspace/sportbodyapp/backend/node_modules/@nestjs/core/injector/injector.js:286:19)\n    at processTicksAndRejections (node:internal/process/task_queues:104:5)\n    at TestingInjector.resolveComponentWrapper (/home/bermudeztech/workspace/sportbodyapp/backend/node_modules/@nestjs/testing/testing-injector.js:19:45)\n    at resolveParam (/home/bermudeztech/workspace/sportbodyapp/backend/node_modules/@nestjs/core/injector/injector.js:140:38)\n    at async Promise.all (index 0)\n    at TestingInjector.resolveConstructorParams (/home/bermudeztech/workspace/sportbodyapp/backend/node_modules/@nestjs/core/injector/injector.js:169:27)\n    at TestingInjector.loadInstance (/home/bermudeztech/workspace/sportbodyapp/backend/node_modules/@nestjs/core/injector/injector.js:75:13)\n    at TestingInjector.loadController (/home/bermudeztech/workspace/sportbodyapp/backend/node_modules/@nestjs/core/injector/injector.js:94:9)\n    at /home/bermudeztech/workspace/sportbodyapp/backend/node_modules/@nestjs/core/injector/instance-loader.js:68:13\n    at async Promise.all (index 0)\n    at TestingInstanceLoader.createInstancesOfControllers (/home/bermudeztech/workspace/sportbodyapp/backend/node_modules/@nestjs/core/injector/instance-loader.js:67:9)\n    at /home/bermudeztech/workspace/sportbodyapp/backend/node_modules/@nestjs/core/injector/instance-loader.js:42:13\n    at async Promise.all (index 1)\n    at TestingInstanceLoader.createInstances (/home/bermudeztech/workspace/sportbodyapp/backend/node_modules/@nestjs/core/injector/instance-loader.js:39:9)\n    at TestingInstanceLoader.createInstancesOfDependencies (/home/bermudeztech/workspace/sportbodyapp/backend/node_modules/@nestjs/core/injector/instance-loader.js:22:13)\n    at TestingInstanceLoader.createInstancesOfDependencies (/home/bermudeztech/workspace/sportbodyapp/backend/node_modules/@nestjs/testing/testing-instance-loader.js:9:9)\n    at TestingModuleBuilder.createInstancesOfDependencies (/home/bermudeztech/workspace/sportbodyapp/backend/node_modules/@nestjs/testing/testing-module.builder.js:118:9)\n    at TestingModuleBuilder.compile (/home/bermudeztech/workspace/sportbodyapp/backend/node_modules/@nestjs/testing/testing-module.builder.js:74:9)\n    at Object.<anonymous> (/home/bermudeztech/workspace/sportbodyapp/backend/src/qr-code/qr-code.controller.spec.ts:8:35)"],"fullName":"QrCodeController should be defined","invocations":1,"location":null,"numPassingAsserts":0,"retryReasons":[],"startAt":1776028199070,"status":"failed","title":"should be defined"}],"endTime":1776028199081,"message":"\u001b[1m\u001b[31m  \u001b[1m● \u001b[22m\u001b[1mQrCodeController › should be defined\u001b[39m\u001b[22m\n\n    Nest can't resolve dependencies of the QrCodeController (?). Please make sure that the argument QrCodeService at index [0] is available in the RootTestModule context.\n\n    Potential solutions:\n    - Is RootTestModule a valid NestJS module?\n    - If QrCodeService is a provider, is it part of the current RootTestModule?\n    - If QrCodeService is exported from a separate @Module, is that module imported within RootTestModule?\n      @Module({\n        imports: [ /* the Module containing QrCodeService */ ]\n      })\n\n    For more common dependency resolution issues, see: https://docs.nestjs.com/faq/common-errors\n\u001b[2m\u001b[22m\n\u001b[2m    \u001b[0m \u001b[90m  6 |\u001b[39m\u001b[22m\n\u001b[2m     \u001b[90m  7 |\u001b[39m   beforeEach(\u001b[36masync\u001b[39m () \u001b[33m=>\u001b[39m {\u001b[22m\n\u001b[2m    \u001b[31m\u001b[1m>\u001b[22m\u001b[2m\u001b[39m\u001b[90m  8 |\u001b[39m     \u001b[36mconst\u001b[39m module\u001b[33m:\u001b[39m \u001b[33mTestingModule\u001b[39m \u001b[33m=\u001b[39m \u001b[36mawait\u001b[39m \u001b[33mTest\u001b[39m\u001b[33m.\u001b[39mcreateTestingModule({\u001b[22m\n\u001b[2m     \u001b[90m    |\u001b[39m                                   \u001b[31m\u001b[1m^\u001b[22m\u001b[2m\u001b[39m\u001b[22m\n\u001b[2m     \u001b[90m  9 |\u001b[39m       controllers\u001b[33m:\u001b[39m [\u001b[33mQrCodeController\u001b[39m]\u001b[33m,\u001b[39m\u001b[22m\n\u001b[2m     \u001b[90m 10 |\u001b[39m     })\u001b[33m.\u001b[39mcompile()\u001b[33m;\u001b[39m\u001b[22m\n\u001b[2m     \u001b[90m 11 |\u001b[39m\u001b[0m\u001b[22m\n\u001b[2m\u001b[22m\n\u001b[2m      \u001b[2mat TestingInjector.lookupComponentInParentModules (\u001b[22m\u001b[2m../node_modules/@nestjs/core/injector/injector.js\u001b[2m:286:19)\u001b[22m\u001b[2m\u001b[22m\n\u001b[2m      \u001b[2mat TestingInjector.resolveComponentWrapper (\u001b[22m\u001b[2m../node_modules/@nestjs/testing/testing-injector.js\u001b[2m:19:45)\u001b[22m\u001b[2m\u001b[22m\n\u001b[2m      \u001b[2mat resolveParam (\u001b[22m\u001b[2m../node_modules/@nestjs/core/injector/injector.js\u001b[2m:140:38)\u001b[22m\u001b[2m\u001b[22m\n\u001b[2m          at async Promise.all (index 0)\u001b[22m\n\u001b[2m      \u001b[2mat TestingInjector.resolveConstructorParams (\u001b[22m\u001b[2m../node_modules/@nestjs/core/injector/injector.js\u001b[2m:169:27)\u001b[22m\u001b[2m\u001b[22m\n\u001b[2m      \u001b[2mat TestingInjector.loadInstance (\u001b[22m\u001b[2m../node_modules/@nestjs/core/injector/injector.js\u001b[2m:75:13)\u001b[22m\u001b[2m\u001b[22m\n\u001b[2m      \u001b[2mat TestingInjector.loadController (\u001b[22m\u001b[2m../node_modules/@nestjs/core/injector/injector.js\u001b[2m:94:9)\u001b[22m\u001b[2m\u001b[22m\n\u001b[2m      \u001b[2mat \u001b[22m\u001b[2m../node_modules/@nestjs/core/injector/instance-loader.js\u001b[2m:68:13\u001b[22m\u001b[2m\u001b[22m\n\u001b[2m          at async Promise.all (index 0)\u001b[22m\n\u001b[2m      \u001b[2mat TestingInstanceLoader.createInstancesOfControllers (\u001b[22m\u001b[2m../node_modules/@nestjs/core/injector/instance-loader.js\u001b[2m:67:9)\u001b[22m\u001b[2m\u001b[22m\n\u001b[2m      \u001b[2mat \u001b[22m\u001b[2m../node_modules/@nestjs/core/injector/instance-loader.js\u001b[2m:42:13\u001b[22m\u001b[2m\u001b[22m\n\u001b[2m          at async Promise.all (index 1)\u001b[22m\n\u001b[2m      \u001b[2mat TestingInstanceLoader.createInstances (\u001b[22m\u001b[2m../node_modules/@nestjs/core/injector/instance-loader.js\u001b[2m:39:9)\u001b[22m\u001b[2m\u001b[22m\n\u001b[2m      \u001b[2mat TestingInstanceLoader.createInstancesOfDependencies (\u001b[22m\u001b[2m../node_modules/@nestjs/core/injector/instance-loader.js\u001b[2m:22:13)\u001b[22m\u001b[2m\u001b[22m\n\u001b[2m      \u001b[2mat TestingInstanceLoader.createInstancesOfDependencies (\u001b[22m\u001b[2m../node_modules/@nestjs/testing/testing-instance-loader.js\u001b[2m:9:9)\u001b[22m\u001b[2m\u001b[22m\n\u001b[2m      \u001b[2mat TestingModuleBuilder.createInstancesOfDependencies (\u001b[22m\u001b[2m../node_modules/@nestjs/testing/testing-module.builder.js\u001b[2m:118:9)\u001b[22m\u001b[2m\u001b[22m\n\u001b[2m      \u001b[2mat TestingModuleBuilder.compile (\u001b[22m\u001b[2m../node_modules/@nestjs/testing/testing-module.builder.js\u001b[2m:74:9)\u001b[22m\u001b[2m\u001b[22m\n\u001b[2m      \u001b[2mat Object.<anonymous> (\u001b[22m\u001b[2m\u001b[0m\u001b[36mqr-code/qr-code.controller.spec.ts\u001b[39m\u001b[0m\u001b[2m:8:35)\u001b[22m\u001b[2m\u001b[22m\n","name":"/home/bermudeztech/workspace/sportbodyapp/backend/src/qr-code/qr-code.controller.spec.ts","startTime":1776028198656,"status":"failed","summary":""},{"assertionResults":[{"ancestorTitles":["AfiliadosService"],"duration":4,"failing":false,"failureDetails":[{"type":"AfiliadosService","context":{"index":0,"dependencies":[null]},"metadata":{"id":"e4f4a0286e432f59329e2"},"moduleRef":{"id":"c862641060e4f4a0286e4"}}],"failureMessages":["Error: Nest can't resolve dependencies of the AfiliadosService (?). Please make sure that the argument PrismaService at index [0] is available in the RootTestModule context.\n\nPotential solutions:\n- Is RootTestModule a valid NestJS module?\n- If PrismaService is a provider, is it part of the current RootTestModule?\n- If PrismaService is exported from a separate @Module, is that module imported within RootTestModule?\n  @Module({\n    imports: [ /* the Module containing PrismaService */ ]\n  })\n\nFor more common dependency resolution issues, see: https://docs.nestjs.com/faq/common-errors\n    at TestingInjector.lookupComponentInParentModules (/home/bermudeztech/workspace/sportbodyapp/backend/node_modules/@nestjs/core/injector/injector.js:286:19)\n    at processTicksAndRejections (node:internal/process/task_queues:104:5)\n    at TestingInjector.resolveComponentWrapper (/home/bermudeztech/workspace/sportbodyapp/backend/node_modules/@nestjs/testing/testing-injector.js:19:45)\n    at resolveParam (/home/bermudeztech/workspace/sportbodyapp/backend/node_modules/@nestjs/core/injector/injector.js:140:38)\n    at async Promise.all (index 0)\n    at TestingInjector.resolveConstructorParams (/home/bermudeztech/workspace/sportbodyapp/backend/node_modules/@nestjs/core/injector/injector.js:169:27)\n    at TestingInjector.loadInstance (/home/bermudeztech/workspace/sportbodyapp/backend/node_modules/@nestjs/core/injector/injector.js:75:13)\n    at TestingInjector.loadProvider (/home/bermudeztech/workspace/sportbodyapp/backend/node_modules/@nestjs/core/injector/injector.js:103:9)\n    at /home/bermudeztech/workspace/sportbodyapp/backend/node_modules/@nestjs/core/injector/instance-loader.js:56:13\n    at async Promise.all (index 3)\n    at TestingInstanceLoader.createInstancesOfProviders (/home/bermudeztech/workspace/sportbodyapp/backend/node_modules/@nestjs/core/injector/instance-loader.js:55:9)\n    at /home/bermudeztech/workspace/sportbodyapp/backend/node_modules/@nestjs/core/injector/instance-loader.js:40:13\n    at async Promise.all (index 1)\n    at TestingInstanceLoader.createInstances (/home/bermudeztech/workspace/sportbodyapp/backend/node_modules/@nestjs/core/injector/instance-loader.js:39:9)\n    at TestingInstanceLoader.createInstancesOfDependencies (/home/bermudeztech/workspace/sportbodyapp/backend/node_modules/@nestjs/core/injector/instance-loader.js:22:13)\n    at TestingInstanceLoader.createInstancesOfDependencies (/home/bermudeztech/workspace/sportbodyapp/backend/node_modules/@nestjs/testing/testing-instance-loader.js:9:9)\n    at TestingModuleBuilder.createInstancesOfDependencies (/home/bermudeztech/workspace/sportbodyapp/backend/node_modules/@nestjs/testing/testing-module.builder.js:118:9)\n    at TestingModuleBuilder.compile (/home/bermudeztech/workspace/sportbodyapp/backend/node_modules/@nestjs/testing/testing-module.builder.js:74:9)\n    at Object.<anonymous> (/home/bermudeztech/workspace/sportbodyapp/backend/src/afiliados/afiliados.service.spec.ts:8:35)"],"fullName":"AfiliadosService should be defined","invocations":1,"location":null,"numPassingAsserts":0,"retryReasons":[],"startAt":1776028199334,"status":"failed","title":"should be defined"}],"endTime":1776028199343,"message":"\u001b[1m\u001b[31m  \u001b[1m● \u001b[22m\u001b[1mAfiliadosService › should be defined\u001b[39m\u001b[22m\n\n    Nest can't resolve dependencies of the AfiliadosService (?). Please make sure that the argument PrismaService at index [0] is available in the RootTestModule context.\n\n    Potential solutions:\n    - Is RootTestModule a valid NestJS module?\n    - If PrismaService is a provider, is it part of the current RootTestModule?\n    - If PrismaService is exported from a separate @Module, is that module imported within RootTestModule?\n      @Module({\n        imports: [ /* the Module containing PrismaService */ ]\n      })\n\n    For more common dependency resolution issues, see: https://docs.nestjs.com/faq/common-errors\n\u001b[2m\u001b[22m\n\u001b[2m    \u001b[0m \u001b[90m  6 |\u001b[39m\u001b[22m\n\u001b[2m     \u001b[90m  7 |\u001b[39m   beforeEach(\u001b[36masync\u001b[39m () \u001b[33m=>\u001b[39m {\u001b[22m\n\u001b[2m    \u001b[31m\u001b[1m>\u001b[22m\u001b[2m\u001b[39m\u001b[90m  8 |\u001b[39m     \u001b[36mconst\u001b[39m module\u001b[33m:\u001b[39m \u001b[33mTestingModule\u001b[39m \u001b[33m=\u001b[39m \u001b[36mawait\u001b[39m \u001b[33mTest\u001b[39m\u001b[33m.\u001b[39mcreateTestingModule({\u001b[22m\n\u001b[2m     \u001b[90m    |\u001b[39m                                   \u001b[31m\u001b[1m^\u001b[22m\u001b[2m\u001b[39m\u001b[22m\n\u001b[2m     \u001b[90m  9 |\u001b[39m       providers\u001b[33m:\u001b[39m [\u001b[33mAfiliadosService\u001b[39m]\u001b[33m,\u001b[39m\u001b[22m\n\u001b[2m     \u001b[90m 10 |\u001b[39m     })\u001b[33m.\u001b[39mcompile()\u001b[33m;\u001b[39m\u001b[22m\n\u001b[2m     \u001b[90m 11 |\u001b[39m\u001b[0m\u001b[22m\n\u001b[2m\u001b[22m\n\u001b[2m      \u001b[2mat TestingInjector.lookupComponentInParentModules (\u001b[22m\u001b[2m../node_modules/@nestjs/core/injector/injector.js\u001b[2m:286:19)\u001b[22m\u001b[2m\u001b[22m\n\u001b[2m      \u001b[2mat TestingInjector.resolveComponentWrapper (\u001b[22m\u001b[2m../node_modules/@nestjs/testing/testing-injector.js\u001b[2m:19:45)\u001b[22m\u001b[2m\u001b[22m\n\u001b[2m      \u001b[2mat resolveParam (\u001b[22m\u001b[2m../node_modules/@nestjs/core/injector/injector.js\u001b[2m:140:38)\u001b[22m\u001b[2m\u001b[22m\n\u001b[2m          at async Promise.all (index 0)\u001b[22m\n\u001b[2m      \u001b[2mat TestingInjector.resolveConstructorParams (\u001b[22m\u001b[2m../node_modules/@nestjs/core/injector/injector.js\u001b[2m:169:27)\u001b[22m\u001b[2m\u001b[22m\n\u001b[2m      \u001b[2mat TestingInjector.loadInstance (\u001b[22m\u001b[2m../node_modules/@nestjs/core/injector/injector.js\u001b[2m:75:13)\u001b[22m\u001b[2m\u001b[22m\n\u001b[2m      \u001b[2mat TestingInjector.loadProvider (\u001b[22m\u001b[2m../node_modules/@nestjs/core/injector/injector.js\u001b[2m:103:9)\u001b[22m\u001b[2m\u001b[22m\n\u001b[2m      \u001b[2mat \u001b[22m\u001b[2m../node_modules/@nestjs/core/injector/instance-loader.js\u001b[2m:56:13\u001b[22m\u001b[2m\u001b[22m\n\u001b[2m          at async Promise.all (index 3)\u001b[22m\n\u001b[2m      \u001b[2mat TestingInstanceLoader.createInstancesOfProviders (\u001b[22m\u001b[2m../node_modules/@nestjs/core/injector/instance-loader.js\u001b[2m:55:9)\u001b[22m\u001b[2m\u001b[22m\n\u001b[2m      \u001b[2mat \u001b[22m\u001b[2m../node_modules/@nestjs/core/injector/instance-loader.js\u001b[2m:40:13\u001b[22m\u001b[2m\u001b[22m\n\u001b[2m          at async Promise.all (index 1)\u001b[22m\n\u001b[2m      \u001b[2mat TestingInstanceLoader.createInstances (\u001b[22m\u001b[2m../node_modules/@nestjs/core/injector/instance-loader.js\u001b[2m:39:9)\u001b[22m\u001b[2m\u001b[22m\n\u001b[2m      \u001b[2mat TestingInstanceLoader.createInstancesOfDependencies (\u001b[22m\u001b[2m../node_modules/@nestjs/core/injector/instance-loader.js\u001b[2m:22:13)\u001b[22m\u001b[2m\u001b[22m\n\u001b[2m      \u001b[2mat TestingInstanceLoader.createInstancesOfDependencies (\u001b[22m\u001b[2m../node_modules/@nestjs/testing/testing-instance-loader.js\u001b[2m:9:9)\u001b[22m\u001b[2m\u001b[22m\n\u001b[2m      \u001b[2mat TestingModuleBuilder.createInstancesOfDependencies (\u001b[22m\u001b[2m../node_modules/@nestjs/testing/testing-module.builder.js\u001b[2m:118:9)\u001b[22m\u001b[2m\u001b[22m\n\u001b[2m      \u001b[2mat TestingModuleBuilder.compile (\u001b[22m\u001b[2m../node_modules/@nestjs/testing/testing-module.builder.js\u001b[2m:74:9)\u001b[22m\u001b[2m\u001b[22m\n\u001b[2m      \u001b[2mat Object.<anonymous> (\u001b[22m\u001b[2m\u001b[0m\u001b[36mafiliados/afiliados.service.spec.ts\u001b[39m\u001b[0m\u001b[2m:8:35)\u001b[22m\u001b[2m\u001b[22m\n","name":"/home/bermudeztech/workspace/sportbodyapp/backend/src/afiliados/afiliados.service.spec.ts","startTime":1776028199060,"status":"failed","summary":""},{"assertionResults":[{"ancestorTitles":["AppController","root"],"duration":8,"failing":false,"failureDetails":[],"failureMessages":[],"fullName":"AppController root should return \"Hello World!\"","invocations":1,"location":null,"numPassingAsserts":1,"retryReasons":[],"startAt":1776028199340,"status":"passed","title":"should return \"Hello World!\""}],"endTime":1776028199348,"message":"","name":"/home/bermudeztech/workspace/sportbodyapp/backend/src/app.controller.spec.ts","startTime":1776028199095,"status":"passed","summary":""},{"assertionResults":[{"ancestorTitles":["UsuariosService"],"duration":5,"failing":false,"failureDetails":[],"failureMessages":[],"fullName":"UsuariosService should be defined","invocations":1,"location":null,"numPassingAsserts":1,"retryReasons":[],"startAt":1776028199346,"status":"passed","title":"should be defined"},{"ancestorTitles":["UsuariosService","createUsuario"],"duration":5,"failing":false,"failureDetails":[],"failureMessages":[],"fullName":"UsuariosService createUsuario should create a user and personalMedico entry if type is medico","invocations":1,"location":null,"numPassingAsserts":3,"retryReasons":[],"startAt":1776028199351,"status":"passed","title":"should create a user and personalMedico entry if type is medico"},{"ancestorTitles":["UsuariosService","createUsuario"],"duration":2,"failing":false,"failureDetails":[],"failureMessages":[],"fullName":"UsuariosService createUsuario should create a user and recepcionistas entry if type is recepcionista","invocations":1,"location":null,"numPassingAsserts":1,"retryReasons":[],"startAt":1776028199356,"status":"passed","title":"should create a user and recepcionistas entry if type is recepcionista"},{"ancestorTitles":["UsuariosService","createUsuario"],"duration":3,"failing":false,"failureDetails":[],"failureMessages":[],"fullName":"UsuariosService createUsuario should create a user and administradores entry if type is administrador","invocations":1,"location":null,"numPassingAsserts":1,"retryReasons":[],"startAt":1776028199358,"status":"passed","title":"should create a user and administradores entry if type is administrador"},{"ancestorTitles":["UsuariosService","findAll"],"duration":3,"failing":false,"failureDetails":[],"failureMessages":[],"fullName":"UsuariosService findAll should return all users","invocations":1,"location":null,"numPassingAsserts":2,"retryReasons":[],"startAt":1776028199361,"status":"passed","title":"should return all users"},{"ancestorTitles":["UsuariosService","findOne"],"duration":2,"failing":false,"failureDetails":[],"failureMessages":[],"fullName":"UsuariosService findOne should return a user by id","invocations":1,"location":null,"numPassingAsserts":2,"retryReasons":[],"startAt":1776028199364,"status":"passed","title":"should return a user by id"},{"ancestorTitles":["UsuariosService","update"],"duration":2,"failing":false,"failureDetails":[],"failureMessages":[],"fullName":"UsuariosService update should update a user","invocations":1,"location":null,"numPassingAsserts":2,"retryReasons":[],"startAt":1776028199366,"status":"passed","title":"should update a user"},{"ancestorTitles":["UsuariosService","delete"],"duration":3,"failing":false,"failureDetails":[],"failureMessages":[],"fullName":"UsuariosService delete should delete user and all related records","invocations":1,"location":null,"numPassingAsserts":5,"retryReasons":[],"startAt":1776028199368,"status":"passed","title":"should delete user and all related records"}],"endTime":1776028199372,"message":"","name":"/home/bermudeztech/workspace/sportbodyapp/backend/src/usuarios/usuarios.service.spec.ts","startTime":1776028199115,"status":"passed","summary":""}],"wasInterrupted":false}
